2018-06-01 17:00:25,869 [localhost-startStop-1] [org.springframework.web.servlet.mvc.method.annotation.RequestMappingHandlerAdapter]-[INFO] Looking for @ControllerAdvice: WebApplicationContext for namespace 'SmallTownGame-servlet': startup date [Fri Jun 01 17:00:24 CST 2018]; parent: Root WebApplicationContext
2018-06-01 17:00:25,970 [localhost-startStop-1] [org.springframework.web.servlet.mvc.method.annotation.RequestMappingHandlerAdapter]-[INFO] Looking for @ControllerAdvice: WebApplicationContext for namespace 'SmallTownGame-servlet': startup date [Fri Jun 01 17:00:24 CST 2018]; parent: Root WebApplicationContext
2018-06-01 17:00:26,107 [localhost-startStop-1] [org.springframework.web.servlet.handler.SimpleUrlHandlerMapping]-[INFO] Mapped URL path [/**] onto handler 'org.springframework.web.servlet.resource.DefaultServletHttpRequestHandler#0'
2018-06-01 17:00:26,248 [localhost-startStop-1] [org.springframework.web.servlet.DispatcherServlet]-[INFO] FrameworkServlet 'SmallTownGame': initialization completed in 1494 ms
2018-06-01 17:38:48,967 [localhost-startStop-1] [org.springframework.web.context.ContextLoader]-[INFO] Root WebApplicationContext: initialization started
2018-06-01 17:38:49,014 [localhost-startStop-1] [org.springframework.web.context.support.XmlWebApplicationContext]-[INFO] Refreshing Root WebApplicationContext: startup date [Fri Jun 01 17:38:49 CST 2018]; root of context hierarchy
2018-06-01 17:38:49,059 [localhost-startStop-1] [org.springframework.beans.factory.xml.XmlBeanDefinitionReader]-[INFO] Loading XML bean definitions from file [D:\eclipse-workspace\tomcat\webapps\SmallTownGame\WEB-INF\classes\spring\spring-dao.xml]
2018-06-01 17:38:49,140 [localhost-startStop-1] [org.springframework.beans.factory.xml.XmlBeanDefinitionReader]-[INFO] Loading XML bean definitions from file [D:\eclipse-workspace\tomcat\webapps\SmallTownGame\WEB-INF\classes\spring\spring-redis.xml]
2018-06-01 17:38:49,156 [localhost-startStop-1] [org.springframework.beans.factory.xml.XmlBeanDefinitionReader]-[INFO] Loading XML bean definitions from file [D:\eclipse-workspace\tomcat\webapps\SmallTownGame\WEB-INF\classes\spring\spring-service.xml]
2018-06-01 17:38:49,315 [localhost-startStop-1] [org.springframework.beans.factory.xml.XmlBeanDefinitionReader]-[INFO] Loading XML bean definitions from file [D:\eclipse-workspace\tomcat\webapps\SmallTownGame\WEB-INF\classes\spring\spring-task.xml]
2018-06-01 17:38:50,882 [localhost-startStop-1] [org.quartz.impl.StdSchedulerFactory]-[INFO] Using default implementation for ThreadExecutor
2018-06-01 17:38:50,886 [localhost-startStop-1] [org.quartz.simpl.SimpleThreadPool]-[INFO] Job execution threads will use class loader of thread: localhost-startStop-1
2018-06-01 17:38:50,901 [localhost-startStop-1] [org.quartz.core.SchedulerSignalerImpl]-[INFO] Initialized Scheduler Signaller of type: class org.quartz.core.SchedulerSignalerImpl
2018-06-01 17:38:50,901 [localhost-startStop-1] [org.quartz.core.QuartzScheduler]-[INFO] Quartz Scheduler v.2.2.3 created.
2018-06-01 17:38:50,902 [localhost-startStop-1] [org.quartz.simpl.RAMJobStore]-[INFO] RAMJobStore initialized.
2018-06-01 17:38:50,903 [localhost-startStop-1] [org.quartz.core.QuartzScheduler]-[INFO] Scheduler meta-data: Quartz Scheduler (v2.2.3) 'DefaultQuartzScheduler' with instanceId 'NON_CLUSTERED'
  Scheduler class: 'org.quartz.core.QuartzScheduler' - running locally.
  NOT STARTED.
  Currently in standby mode.
  Number of jobs executed: 0
  Using thread pool 'org.quartz.simpl.SimpleThreadPool' - with 5 threads.
  Using job-store 'org.quartz.simpl.RAMJobStore' - which does not support persistence. and is not clustered.

2018-06-01 17:38:50,903 [localhost-startStop-1] [org.quartz.impl.StdSchedulerFactory]-[INFO] Quartz scheduler 'DefaultQuartzScheduler' initialized from the specified file : 'resource/quartz.properties' from the class resource path.
2018-06-01 17:38:50,903 [localhost-startStop-1] [org.quartz.impl.StdSchedulerFactory]-[INFO] Quartz scheduler version: 2.2.3
2018-06-01 17:38:50,903 [localhost-startStop-1] [org.quartz.core.QuartzScheduler]-[INFO] Scheduler DefaultQuartzScheduler_$_NON_CLUSTERED started.
2018-06-01 17:38:51,119 [localhost-startStop-1] [org.springframework.context.support.DefaultLifecycleProcessor]-[INFO] Starting beans in phase 2147483647
2018-06-01 17:38:52,335 [localhost-startStop-1] [com.muzhi.util.LogStrBuffer]-[INFO] -----所有Bean载入完成---

2018-06-01 17:38:52,339 [localhost-startStop-1] [org.springframework.web.context.ContextLoader]-[INFO] Root WebApplicationContext: initialization completed in 3371 ms
2018-06-01 17:38:52,370 [localhost-startStop-1] [org.springframework.web.servlet.DispatcherServlet]-[INFO] FrameworkServlet 'SmallTownGame': initialization started
2018-06-01 17:38:52,374 [localhost-startStop-1] [org.springframework.web.context.support.XmlWebApplicationContext]-[INFO] Refreshing WebApplicationContext for namespace 'SmallTownGame-servlet': startup date [Fri Jun 01 17:38:52 CST 2018]; parent: Root WebApplicationContext
2018-06-01 17:38:52,374 [localhost-startStop-1] [org.springframework.beans.factory.xml.XmlBeanDefinitionReader]-[INFO] Loading XML bean definitions from class path resource [spring/springmvc.xml]
2018-06-01 17:38:52,963 [localhost-startStop-1] [org.springframework.web.servlet.mvc.method.annotation.RequestMappingHandlerMapping]-[INFO] Mapped "{[/baseUrl/getArticleInfo],methods=[GET]}" onto public com.muzhi.model.Result com.muzhi.controller.ArticleContrller.getArticleInfo(java.lang.String)
2018-06-01 17:38:52,964 [localhost-startStop-1] [org.springframework.web.servlet.mvc.method.annotation.RequestMappingHandlerMapping]-[INFO] Mapped "{[/baseUrl/activateArticle],methods=[POST]}" onto public com.muzhi.model.Result com.muzhi.controller.ArticleContrller.activateArticle(java.lang.String)
2018-06-01 17:38:52,965 [localhost-startStop-1] [org.springframework.web.servlet.mvc.method.annotation.RequestMappingHandlerMapping]-[INFO] Mapped "{[/baseUrl/dressArticle],methods=[POST]}" onto public com.muzhi.model.Result com.muzhi.controller.ArticleContrller.dressArticle(java.lang.String)
2018-06-01 17:38:52,967 [localhost-startStop-1] [org.springframework.web.servlet.mvc.method.annotation.RequestMappingHandlerMapping]-[INFO] Mapped "{[/baseUrl/collect],methods=[POST]}" onto public com.muzhi.model.Result com.muzhi.controller.BuildController.collect(java.lang.String)
2018-06-01 17:38:52,968 [localhost-startStop-1] [org.springframework.web.servlet.mvc.method.annotation.RequestMappingHandlerMapping]-[INFO] Mapped "{[/baseUrl/isAllowUpgrade],methods=[POST]}" onto public com.muzhi.model.Result com.muzhi.controller.BuildController.isAllowUpgrade(java.lang.String)
2018-06-01 17:38:52,968 [localhost-startStop-1] [org.springframework.web.servlet.mvc.method.annotation.RequestMappingHandlerMapping]-[INFO] Mapped "{[/baseUrl/quitAllowUpgrade],methods=[POST]}" onto public com.muzhi.model.Result com.muzhi.controller.BuildController.quitAllowUpgrade(java.lang.String)
2018-06-01 17:38:52,968 [localhost-startStop-1] [org.springframework.web.servlet.mvc.method.annotation.RequestMappingHandlerMapping]-[INFO] Mapped "{[/baseUrl/getBookResearch],methods=[GET]}" onto public com.muzhi.model.Result com.muzhi.controller.BuildController.getBookResearch(java.lang.String)
2018-06-01 17:38:52,968 [localhost-startStop-1] [org.springframework.web.servlet.mvc.method.annotation.RequestMappingHandlerMapping]-[INFO] Mapped "{[/baseUrl/doBookResearch],methods=[POST]}" onto public com.muzhi.model.Result com.muzhi.controller.BuildController.doBookResearch(java.lang.String)
2018-06-01 17:38:52,968 [localhost-startStop-1] [org.springframework.web.servlet.mvc.method.annotation.RequestMappingHandlerMapping]-[INFO] Mapped "{[/baseUrl/drawing],methods=[GET]}" onto public com.muzhi.model.Result com.muzhi.controller.BuildController.getDraw(java.lang.String)
2018-06-01 17:38:52,968 [localhost-startStop-1] [org.springframework.web.servlet.mvc.method.annotation.RequestMappingHandlerMapping]-[INFO] Mapped "{[/baseUrl/addSpeed],methods=[GET]}" onto public com.muzhi.model.Result com.muzhi.controller.BuildController.addSpeed(java.lang.String)
2018-06-01 17:38:52,969 [localhost-startStop-1] [org.springframework.web.servlet.mvc.method.annotation.RequestMappingHandlerMapping]-[INFO] Mapped "{[/baseUrl/accelerateAllowUpgrade],methods=[POST]}" onto public com.muzhi.model.Result com.muzhi.controller.BuildController.accelerateAllowUpgrade(java.lang.String)
2018-06-01 17:38:52,969 [localhost-startStop-1] [org.springframework.web.servlet.mvc.method.annotation.RequestMappingHandlerMapping]-[INFO] Mapped "{[/baseUrl/cancerBookResearch],methods=[POST]}" onto public com.muzhi.model.Result com.muzhi.controller.BuildController.cancerBookResearch(java.lang.String)
2018-06-01 17:38:52,969 [localhost-startStop-1] [org.springframework.web.servlet.mvc.method.annotation.RequestMappingHandlerMapping]-[INFO] Mapped "{[/baseUrl/getBuildAll],methods=[GET]}" onto public com.muzhi.model.Result com.muzhi.controller.BuildController.getBuildAll(java.lang.String)
2018-06-01 17:38:52,970 [localhost-startStop-1] [org.springframework.web.servlet.mvc.method.annotation.RequestMappingHandlerMapping]-[INFO] Mapped "{[/baseUrl/facilityUpgradeInfo],methods=[GET]}" onto public com.muzhi.model.Result com.muzhi.controller.FacilityInfoController.facilityUpgradeInfo(java.lang.String)
2018-06-01 17:38:52,970 [localhost-startStop-1] [org.springframework.web.servlet.mvc.method.annotation.RequestMappingHandlerMapping]-[INFO] Mapped "{[/baseUrl/facilityUpgrade],methods=[POST]}" onto public com.muzhi.model.Result com.muzhi.controller.FacilityInfoController.facilityupgrade(java.lang.String)
2018-06-01 17:38:52,976 [localhost-startStop-1] [org.springframework.web.servlet.mvc.method.annotation.RequestMappingHandlerMapping]-[INFO] Mapped "{[/baseUrl/employSource],methods=[GET]}" onto public com.muzhi.model.Result com.muzhi.controller.InteractiveController.employSource(java.lang.String)
2018-06-01 17:38:52,976 [localhost-startStop-1] [org.springframework.web.servlet.mvc.method.annotation.RequestMappingHandlerMapping]-[INFO] Mapped "{[/baseUrl/employ],methods=[POST]}" onto public com.muzhi.model.Result com.muzhi.controller.InteractiveController.employ(java.lang.String)
2018-06-01 17:38:52,976 [localhost-startStop-1] [org.springframework.web.servlet.mvc.method.annotation.RequestMappingHandlerMapping]-[INFO] Mapped "{[/baseUrl/employAgain],methods=[POST]}" onto public com.muzhi.model.Result com.muzhi.controller.InteractiveController.employAgain(java.lang.String)
2018-06-01 17:38:52,977 [localhost-startStop-1] [org.springframework.web.servlet.mvc.method.annotation.RequestMappingHandlerMapping]-[INFO] Mapped "{[/baseUrl/dismiss],methods=[POST]}" onto public com.muzhi.model.Result com.muzhi.controller.InteractiveController.dismiss(java.lang.String)
2018-06-01 17:38:52,977 [localhost-startStop-1] [org.springframework.web.servlet.mvc.method.annotation.RequestMappingHandlerMapping]-[INFO] Mapped "{[/baseUrl/getStaff],methods=[GET]}" onto public com.muzhi.model.Result com.muzhi.controller.InteractiveController.getStaff(java.lang.String)
2018-06-01 17:38:52,978 [localhost-startStop-1] [org.springframework.web.servlet.mvc.method.annotation.RequestMappingHandlerMapping]-[INFO] Mapped "{[/baseUrl/getCookBook],methods=[GET]}" onto public com.muzhi.model.Result com.muzhi.controller.MakeFoodController.getCookBook(java.lang.String)
2018-06-01 17:38:52,978 [localhost-startStop-1] [org.springframework.web.servlet.mvc.method.annotation.RequestMappingHandlerMapping]-[INFO] Mapped "{[/baseUrl/getFoodDetail],methods=[GET]}" onto public com.muzhi.model.Result com.muzhi.controller.MakeFoodController.getFoodDetail(java.lang.String,java.lang.Integer)
2018-06-01 17:38:52,979 [localhost-startStop-1] [org.springframework.web.servlet.mvc.method.annotation.RequestMappingHandlerMapping]-[INFO] Mapped "{[/baseUrl/stockFood],methods=[POST]}" onto public com.muzhi.model.Result com.muzhi.controller.MakeFoodController.stockFood(java.lang.String)
2018-06-01 17:38:52,979 [localhost-startStop-1] [org.springframework.web.servlet.mvc.method.annotation.RequestMappingHandlerMapping]-[INFO] Mapped "{[/baseUrl/makeFood],methods=[POST]}" onto public com.muzhi.model.Result com.muzhi.controller.MakeFoodController.makeFood(java.lang.String)
2018-06-01 17:38:52,979 [localhost-startStop-1] [org.springframework.web.servlet.mvc.method.annotation.RequestMappingHandlerMapping]-[INFO] Mapped "{[/baseUrl/isChefEnough],methods=[GET]}" onto public com.muzhi.model.Result com.muzhi.controller.MakeFoodController.isChefEnough(java.lang.String)
2018-06-01 17:38:52,979 [localhost-startStop-1] [org.springframework.web.servlet.mvc.method.annotation.RequestMappingHandlerMapping]-[INFO] Mapped "{[/baseUrl/getHall],methods=[GET]}" onto public com.muzhi.model.Result com.muzhi.controller.MakeFoodController.getHall(java.lang.String)
2018-06-01 17:38:52,980 [localhost-startStop-1] [org.springframework.web.servlet.mvc.method.annotation.RequestMappingHandlerMapping]-[INFO] Mapped "{[/baseUrl/refreshReward],methods=[GET]}" onto public com.muzhi.model.Result com.muzhi.controller.OrderController.refreshReward(java.lang.String)
2018-06-01 17:38:52,980 [localhost-startStop-1] [org.springframework.web.servlet.mvc.method.annotation.RequestMappingHandlerMapping]-[INFO] Mapped "{[/baseUrl/receiveReward],methods=[POST]}" onto public com.muzhi.model.Result com.muzhi.controller.OrderController.receiveReward(java.lang.String)
2018-06-01 17:38:52,980 [localhost-startStop-1] [org.springframework.web.servlet.mvc.method.annotation.RequestMappingHandlerMapping]-[INFO] Mapped "{[/baseUrl/getOrders],methods=[GET]}" onto public com.muzhi.model.Result com.muzhi.controller.OrderController.getOrders(java.lang.String)
2018-06-01 17:38:52,983 [localhost-startStop-1] [org.springframework.web.servlet.mvc.method.annotation.RequestMappingHandlerMapping]-[INFO] Mapped "{[/baseUrl/inventory],methods=[GET]}" onto public com.muzhi.model.Result com.muzhi.controller.SaleController.inventory(java.lang.String)
2018-06-01 17:38:52,983 [localhost-startStop-1] [org.springframework.web.servlet.mvc.method.annotation.RequestMappingHandlerMapping]-[INFO] Mapped "{[/baseUrl/saleInfo],methods=[POST]}" onto public com.muzhi.model.Result com.muzhi.controller.SaleController.saleInfo(java.lang.String)
2018-06-01 17:38:52,984 [localhost-startStop-1] [org.springframework.web.servlet.mvc.method.annotation.RequestMappingHandlerMapping]-[INFO] Mapped "{[/baseUrl/refuseCustomer],methods=[POST]}" onto public com.muzhi.model.Result com.muzhi.controller.SaleController.refuseCustomer(java.lang.String)
2018-06-01 17:38:52,984 [localhost-startStop-1] [org.springframework.web.servlet.mvc.method.annotation.RequestMappingHandlerMapping]-[INFO] Mapped "{[/baseUrl/sellSale],methods=[POST]}" onto public com.muzhi.model.Result com.muzhi.controller.SaleController.sellSale(java.lang.String)
2018-06-01 17:38:52,984 [localhost-startStop-1] [org.springframework.web.servlet.mvc.method.annotation.RequestMappingHandlerMapping]-[INFO] Mapped "{[/baseUrl/discountSale],methods=[POST]}" onto public com.muzhi.model.Result com.muzhi.controller.SaleController.discountSale(java.lang.String)
2018-06-01 17:38:52,985 [localhost-startStop-1] [org.springframework.web.servlet.mvc.method.annotation.RequestMappingHandlerMapping]-[INFO] Mapped "{[/baseUrl/risePriceSale],methods=[POST]}" onto public com.muzhi.model.Result com.muzhi.controller.SaleController.risePriceSale(java.lang.String)
2018-06-01 17:38:52,985 [localhost-startStop-1] [org.springframework.web.servlet.mvc.method.annotation.RequestMappingHandlerMapping]-[INFO] Mapped "{[/baseUrl/compliment],methods=[POST]}" onto public com.muzhi.model.Result com.muzhi.controller.SaleController.complimentSale(java.lang.String)
2018-06-01 17:38:52,985 [localhost-startStop-1] [org.springframework.web.servlet.mvc.method.annotation.RequestMappingHandlerMapping]-[INFO] Mapped "{[/baseUrl/saleFood],methods=[POST]}" onto public com.muzhi.model.Result com.muzhi.controller.SaleController.saleFood(java.lang.String)
2018-06-01 17:38:52,985 [localhost-startStop-1] [org.springframework.web.servlet.mvc.method.annotation.RequestMappingHandlerMapping]-[INFO] Mapped "{[/baseUrl/getUser],methods=[GET]}" onto public com.muzhi.model.Result com.muzhi.controller.SaleController.getUser(java.lang.String)
2018-06-01 17:38:52,985 [localhost-startStop-1] [org.springframework.web.servlet.mvc.method.annotation.RequestMappingHandlerMapping]-[INFO] Mapped "{[/baseUrl/getFridge],methods=[GET]}" onto public com.muzhi.model.Result com.muzhi.controller.SaleController.getFridge(java.lang.String)
2018-06-01 17:38:52,985 [localhost-startStop-1] [org.springframework.web.servlet.mvc.method.annotation.RequestMappingHandlerMapping]-[INFO] Mapped "{[/baseUrl/getCookBench],methods=[GET]}" onto public com.muzhi.model.Result com.muzhi.controller.SaleController.getCookBench(java.lang.String)
2018-06-01 17:38:52,986 [localhost-startStop-1] [org.springframework.web.servlet.mvc.method.annotation.RequestMappingHandlerMapping]-[INFO] Mapped "{[/baseUrl/getInventory],methods=[GET]}" onto public com.muzhi.model.Result com.muzhi.controller.SaleController.getInventory(java.lang.String)
2018-06-01 17:38:52,986 [localhost-startStop-1] [org.springframework.web.servlet.mvc.method.annotation.RequestMappingHandlerMapping]-[INFO] Mapped "{[/baseUrl/getRestaurant],methods=[GET]}" onto public com.muzhi.model.Result com.muzhi.controller.SaleController.getRestaurant(java.lang.String)
2018-06-01 17:38:52,986 [localhost-startStop-1] [org.springframework.web.servlet.mvc.method.annotation.RequestMappingHandlerMapping]-[INFO] Mapped "{[/baseUrl/prop],methods=[GET]}" onto public com.muzhi.model.Result com.muzhi.controller.SaleController.prop(java.lang.String)
2018-06-01 17:38:52,986 [localhost-startStop-1] [org.springframework.web.servlet.mvc.method.annotation.RequestMappingHandlerMapping]-[INFO] Mapped "{[/baseUrl/inproveRank],methods=[GET]}" onto public com.muzhi.model.Result com.muzhi.controller.SaleController.inproveRank(java.lang.String)
2018-06-01 17:38:52,986 [localhost-startStop-1] [org.springframework.web.servlet.mvc.method.annotation.RequestMappingHandlerMapping]-[INFO] Mapped "{[/baseUrl/getRankSystem],methods=[GET]}" onto public com.muzhi.model.Result com.muzhi.controller.SaleController.getRank(java.lang.String)
2018-06-01 17:38:52,987 [localhost-startStop-1] [org.springframework.web.servlet.mvc.method.annotation.RequestMappingHandlerMapping]-[INFO] Mapped "{[/baseUrl/login],methods=[POST]}" onto public com.muzhi.model.Result com.muzhi.controller.UserController.login(java.lang.String)
2018-06-01 17:38:52,987 [localhost-startStop-1] [org.springframework.web.servlet.mvc.method.annotation.RequestMappingHandlerMapping]-[INFO] Mapped "{[/baseUrl/refreshLogin],methods=[POST]}" onto public com.muzhi.model.Result com.muzhi.controller.UserController.refreshLogin(java.lang.String)
2018-06-01 17:38:53,182 [localhost-startStop-1] [org.springframework.web.servlet.mvc.method.annotation.RequestMappingHandlerAdapter]-[INFO] Looking for @ControllerAdvice: WebApplicationContext for namespace 'SmallTownGame-servlet': startup date [Fri Jun 01 17:38:52 CST 2018]; parent: Root WebApplicationContext
2018-06-01 17:38:53,246 [localhost-startStop-1] [org.springframework.web.servlet.mvc.method.annotation.RequestMappingHandlerAdapter]-[INFO] Looking for @ControllerAdvice: WebApplicationContext for namespace 'SmallTownGame-servlet': startup date [Fri Jun 01 17:38:52 CST 2018]; parent: Root WebApplicationContext
2018-06-01 17:38:53,313 [localhost-startStop-1] [org.springframework.web.servlet.handler.SimpleUrlHandlerMapping]-[INFO] Mapped URL path [/**] onto handler 'org.springframework.web.servlet.resource.DefaultServletHttpRequestHandler#0'
2018-06-01 17:38:53,378 [localhost-startStop-1] [org.springframework.web.servlet.DispatcherServlet]-[INFO] FrameworkServlet 'SmallTownGame': initialization completed in 1008 ms
2018-06-04 11:42:18,773 [localhost-startStop-1] [org.springframework.web.context.ContextLoader]-[INFO] Root WebApplicationContext: initialization started
2018-06-04 11:42:18,840 [localhost-startStop-1] [org.springframework.web.context.support.XmlWebApplicationContext]-[INFO] Refreshing Root WebApplicationContext: startup date [Mon Jun 04 11:42:18 CST 2018]; root of context hierarchy
2018-06-04 11:42:18,907 [localhost-startStop-1] [org.springframework.beans.factory.xml.XmlBeanDefinitionReader]-[INFO] Loading XML bean definitions from file [D:\eclipse-workspace\tomcat\webapps\SmallTownGame\WEB-INF\classes\spring\spring-dao.xml]
2018-06-04 11:42:19,075 [localhost-startStop-1] [org.springframework.beans.factory.xml.XmlBeanDefinitionReader]-[INFO] Loading XML bean definitions from file [D:\eclipse-workspace\tomcat\webapps\SmallTownGame\WEB-INF\classes\spring\spring-redis.xml]
2018-06-04 11:42:19,097 [localhost-startStop-1] [org.springframework.beans.factory.xml.XmlBeanDefinitionReader]-[INFO] Loading XML bean definitions from file [D:\eclipse-workspace\tomcat\webapps\SmallTownGame\WEB-INF\classes\spring\spring-service.xml]
2018-06-04 11:42:19,276 [localhost-startStop-1] [org.springframework.beans.factory.xml.XmlBeanDefinitionReader]-[INFO] Loading XML bean definitions from file [D:\eclipse-workspace\tomcat\webapps\SmallTownGame\WEB-INF\classes\spring\spring-task.xml]
2018-06-04 11:42:21,331 [localhost-startStop-1] [org.quartz.impl.StdSchedulerFactory]-[INFO] Using default implementation for ThreadExecutor
2018-06-04 11:42:21,335 [localhost-startStop-1] [org.quartz.simpl.SimpleThreadPool]-[INFO] Job execution threads will use class loader of thread: localhost-startStop-1
2018-06-04 11:42:21,351 [localhost-startStop-1] [org.quartz.core.SchedulerSignalerImpl]-[INFO] Initialized Scheduler Signaller of type: class org.quartz.core.SchedulerSignalerImpl
2018-06-04 11:42:21,351 [localhost-startStop-1] [org.quartz.core.QuartzScheduler]-[INFO] Quartz Scheduler v.2.2.3 created.
2018-06-04 11:42:21,352 [localhost-startStop-1] [org.quartz.simpl.RAMJobStore]-[INFO] RAMJobStore initialized.
2018-06-04 11:42:21,353 [localhost-startStop-1] [org.quartz.core.QuartzScheduler]-[INFO] Scheduler meta-data: Quartz Scheduler (v2.2.3) 'DefaultQuartzScheduler' with instanceId 'NON_CLUSTERED'
  Scheduler class: 'org.quartz.core.QuartzScheduler' - running locally.
  NOT STARTED.
  Currently in standby mode.
  Number of jobs executed: 0
  Using thread pool 'org.quartz.simpl.SimpleThreadPool' - with 5 threads.
  Using job-store 'org.quartz.simpl.RAMJobStore' - which does not support persistence. and is not clustered.

2018-06-04 11:42:21,354 [localhost-startStop-1] [org.quartz.impl.StdSchedulerFactory]-[INFO] Quartz scheduler 'DefaultQuartzScheduler' initialized from the specified file : 'resource/quartz.properties' from the class resource path.
2018-06-04 11:42:21,354 [localhost-startStop-1] [org.quartz.impl.StdSchedulerFactory]-[INFO] Quartz scheduler version: 2.2.3
2018-06-04 11:42:21,354 [localhost-startStop-1] [org.quartz.core.QuartzScheduler]-[INFO] Scheduler DefaultQuartzScheduler_$_NON_CLUSTERED started.
2018-06-04 11:42:21,657 [localhost-startStop-1] [org.springframework.context.support.DefaultLifecycleProcessor]-[INFO] Starting beans in phase 2147483647
2018-06-04 11:42:23,205 [localhost-startStop-1] [com.muzhi.util.LogStrBuffer]-[INFO] -----所有Bean载入完成---

2018-06-04 11:42:23,209 [localhost-startStop-1] [org.springframework.web.context.ContextLoader]-[INFO] Root WebApplicationContext: initialization completed in 4420 ms
2018-06-04 11:42:27,833 [localhost-startStop-1] [org.springframework.web.servlet.DispatcherServlet]-[INFO] FrameworkServlet 'SmallTownGame': initialization started
2018-06-04 11:42:27,837 [localhost-startStop-1] [org.springframework.web.context.support.XmlWebApplicationContext]-[INFO] Refreshing WebApplicationContext for namespace 'SmallTownGame-servlet': startup date [Mon Jun 04 11:42:27 CST 2018]; parent: Root WebApplicationContext
2018-06-04 11:42:27,837 [localhost-startStop-1] [org.springframework.beans.factory.xml.XmlBeanDefinitionReader]-[INFO] Loading XML bean definitions from class path resource [spring/springmvc.xml]
2018-06-04 11:42:28,601 [localhost-startStop-1] [org.springframework.web.servlet.mvc.method.annotation.RequestMappingHandlerMapping]-[INFO] Mapped "{[/baseUrl/getArticleInfo],methods=[GET]}" onto public com.muzhi.model.Result com.muzhi.controller.ArticleContrller.getArticleInfo(java.lang.String)
2018-06-04 11:42:28,603 [localhost-startStop-1] [org.springframework.web.servlet.mvc.method.annotation.RequestMappingHandlerMapping]-[INFO] Mapped "{[/baseUrl/activateArticle],methods=[POST]}" onto public com.muzhi.model.Result com.muzhi.controller.ArticleContrller.activateArticle(java.lang.String)
2018-06-04 11:42:28,603 [localhost-startStop-1] [org.springframework.web.servlet.mvc.method.annotation.RequestMappingHandlerMapping]-[INFO] Mapped "{[/baseUrl/dressArticle],methods=[POST]}" onto public com.muzhi.model.Result com.muzhi.controller.ArticleContrller.dressArticle(java.lang.String)
2018-06-04 11:42:28,606 [localhost-startStop-1] [org.springframework.web.servlet.mvc.method.annotation.RequestMappingHandlerMapping]-[INFO] Mapped "{[/baseUrl/collect],methods=[POST]}" onto public com.muzhi.model.Result com.muzhi.controller.BuildController.collect(java.lang.String)
2018-06-04 11:42:28,606 [localhost-startStop-1] [org.springframework.web.servlet.mvc.method.annotation.RequestMappingHandlerMapping]-[INFO] Mapped "{[/baseUrl/accelerateAllowUpgrade],methods=[POST]}" onto public com.muzhi.model.Result com.muzhi.controller.BuildController.accelerateAllowUpgrade(java.lang.String)
2018-06-04 11:42:28,606 [localhost-startStop-1] [org.springframework.web.servlet.mvc.method.annotation.RequestMappingHandlerMapping]-[INFO] Mapped "{[/baseUrl/cancerBookResearch],methods=[POST]}" onto public com.muzhi.model.Result com.muzhi.controller.BuildController.cancerBookResearch(java.lang.String)
2018-06-04 11:42:28,606 [localhost-startStop-1] [org.springframework.web.servlet.mvc.method.annotation.RequestMappingHandlerMapping]-[INFO] Mapped "{[/baseUrl/getBuildAll],methods=[GET]}" onto public com.muzhi.model.Result com.muzhi.controller.BuildController.getBuildAll(java.lang.String)
2018-06-04 11:42:28,607 [localhost-startStop-1] [org.springframework.web.servlet.mvc.method.annotation.RequestMappingHandlerMapping]-[INFO] Mapped "{[/baseUrl/isAllowUpgrade],methods=[POST]}" onto public com.muzhi.model.Result com.muzhi.controller.BuildController.isAllowUpgrade(java.lang.String)
2018-06-04 11:42:28,607 [localhost-startStop-1] [org.springframework.web.servlet.mvc.method.annotation.RequestMappingHandlerMapping]-[INFO] Mapped "{[/baseUrl/quitAllowUpgrade],methods=[POST]}" onto public com.muzhi.model.Result com.muzhi.controller.BuildController.quitAllowUpgrade(java.lang.String)
2018-06-04 11:42:28,607 [localhost-startStop-1] [org.springframework.web.servlet.mvc.method.annotation.RequestMappingHandlerMapping]-[INFO] Mapped "{[/baseUrl/getBookResearch],methods=[GET]}" onto public com.muzhi.model.Result com.muzhi.controller.BuildController.getBookResearch(java.lang.String)
2018-06-04 11:42:28,607 [localhost-startStop-1] [org.springframework.web.servlet.mvc.method.annotation.RequestMappingHandlerMapping]-[INFO] Mapped "{[/baseUrl/doBookResearch],methods=[POST]}" onto public com.muzhi.model.Result com.muzhi.controller.BuildController.doBookResearch(java.lang.String)
2018-06-04 11:42:28,607 [localhost-startStop-1] [org.springframework.web.servlet.mvc.method.annotation.RequestMappingHandlerMapping]-[INFO] Mapped "{[/baseUrl/drawing],methods=[GET]}" onto public com.muzhi.model.Result com.muzhi.controller.BuildController.getDraw(java.lang.String)
2018-06-04 11:42:28,607 [localhost-startStop-1] [org.springframework.web.servlet.mvc.method.annotation.RequestMappingHandlerMapping]-[INFO] Mapped "{[/baseUrl/addSpeed],methods=[GET]}" onto public com.muzhi.model.Result com.muzhi.controller.BuildController.addSpeed(java.lang.String)
2018-06-04 11:42:28,608 [localhost-startStop-1] [org.springframework.web.servlet.mvc.method.annotation.RequestMappingHandlerMapping]-[INFO] Mapped "{[/baseUrl/facilityUpgradeInfo],methods=[GET]}" onto public com.muzhi.model.Result com.muzhi.controller.FacilityInfoController.facilityUpgradeInfo(java.lang.String)
2018-06-04 11:42:28,608 [localhost-startStop-1] [org.springframework.web.servlet.mvc.method.annotation.RequestMappingHandlerMapping]-[INFO] Mapped "{[/baseUrl/facilityUpgrade],methods=[POST]}" onto public com.muzhi.model.Result com.muzhi.controller.FacilityInfoController.facilityupgrade(java.lang.String)
2018-06-04 11:42:28,612 [localhost-startStop-1] [org.springframework.web.servlet.mvc.method.annotation.RequestMappingHandlerMapping]-[INFO] Mapped "{[/baseUrl/getStaff],methods=[GET]}" onto public com.muzhi.model.Result com.muzhi.controller.InteractiveController.getStaff(java.lang.String)
2018-06-04 11:42:28,612 [localhost-startStop-1] [org.springframework.web.servlet.mvc.method.annotation.RequestMappingHandlerMapping]-[INFO] Mapped "{[/baseUrl/employSource],methods=[GET]}" onto public com.muzhi.model.Result com.muzhi.controller.InteractiveController.employSource(java.lang.String)
2018-06-04 11:42:28,612 [localhost-startStop-1] [org.springframework.web.servlet.mvc.method.annotation.RequestMappingHandlerMapping]-[INFO] Mapped "{[/baseUrl/employ],methods=[POST]}" onto public com.muzhi.model.Result com.muzhi.controller.InteractiveController.employ(java.lang.String)
2018-06-04 11:42:28,612 [localhost-startStop-1] [org.springframework.web.servlet.mvc.method.annotation.RequestMappingHandlerMapping]-[INFO] Mapped "{[/baseUrl/employAgain],methods=[POST]}" onto public com.muzhi.model.Result com.muzhi.controller.InteractiveController.employAgain(java.lang.String)
2018-06-04 11:42:28,613 [localhost-startStop-1] [org.springframework.web.servlet.mvc.method.annotation.RequestMappingHandlerMapping]-[INFO] Mapped "{[/baseUrl/dismiss],methods=[POST]}" onto public com.muzhi.model.Result com.muzhi.controller.InteractiveController.dismiss(java.lang.String)
2018-06-04 11:42:28,614 [localhost-startStop-1] [org.springframework.web.servlet.mvc.method.annotation.RequestMappingHandlerMapping]-[INFO] Mapped "{[/baseUrl/getHall],methods=[GET]}" onto public com.muzhi.model.Result com.muzhi.controller.MakeFoodController.getHall(java.lang.String)
2018-06-04 11:42:28,614 [localhost-startStop-1] [org.springframework.web.servlet.mvc.method.annotation.RequestMappingHandlerMapping]-[INFO] Mapped "{[/baseUrl/getCookBook],methods=[GET]}" onto public com.muzhi.model.Result com.muzhi.controller.MakeFoodController.getCookBook(java.lang.String)
2018-06-04 11:42:28,614 [localhost-startStop-1] [org.springframework.web.servlet.mvc.method.annotation.RequestMappingHandlerMapping]-[INFO] Mapped "{[/baseUrl/getFoodDetail],methods=[GET]}" onto public com.muzhi.model.Result com.muzhi.controller.MakeFoodController.getFoodDetail(java.lang.String,java.lang.Integer)
2018-06-04 11:42:28,615 [localhost-startStop-1] [org.springframework.web.servlet.mvc.method.annotation.RequestMappingHandlerMapping]-[INFO] Mapped "{[/baseUrl/stockFood],methods=[POST]}" onto public com.muzhi.model.Result com.muzhi.controller.MakeFoodController.stockFood(java.lang.String)
2018-06-04 11:42:28,615 [localhost-startStop-1] [org.springframework.web.servlet.mvc.method.annotation.RequestMappingHandlerMapping]-[INFO] Mapped "{[/baseUrl/makeFood],methods=[POST]}" onto public com.muzhi.model.Result com.muzhi.controller.MakeFoodController.makeFood(java.lang.String)
2018-06-04 11:42:28,615 [localhost-startStop-1] [org.springframework.web.servlet.mvc.method.annotation.RequestMappingHandlerMapping]-[INFO] Mapped "{[/baseUrl/isChefEnough],methods=[GET]}" onto public com.muzhi.model.Result com.muzhi.controller.MakeFoodController.isChefEnough(java.lang.String)
2018-06-04 11:42:28,616 [localhost-startStop-1] [org.springframework.web.servlet.mvc.method.annotation.RequestMappingHandlerMapping]-[INFO] Mapped "{[/baseUrl/refreshReward],methods=[GET]}" onto public com.muzhi.model.Result com.muzhi.controller.OrderController.refreshReward(java.lang.String)
2018-06-04 11:42:28,616 [localhost-startStop-1] [org.springframework.web.servlet.mvc.method.annotation.RequestMappingHandlerMapping]-[INFO] Mapped "{[/baseUrl/receiveReward],methods=[POST]}" onto public com.muzhi.model.Result com.muzhi.controller.OrderController.receiveReward(java.lang.String)
2018-06-04 11:42:28,616 [localhost-startStop-1] [org.springframework.web.servlet.mvc.method.annotation.RequestMappingHandlerMapping]-[INFO] Mapped "{[/baseUrl/getOrders],methods=[GET]}" onto public com.muzhi.model.Result com.muzhi.controller.OrderController.getOrders(java.lang.String)
2018-06-04 11:42:28,619 [localhost-startStop-1] [org.springframework.web.servlet.mvc.method.annotation.RequestMappingHandlerMapping]-[INFO] Mapped "{[/baseUrl/prop],methods=[GET]}" onto public com.muzhi.model.Result com.muzhi.controller.SaleController.prop(java.lang.String)
2018-06-04 11:42:28,619 [localhost-startStop-1] [org.springframework.web.servlet.mvc.method.annotation.RequestMappingHandlerMapping]-[INFO] Mapped "{[/baseUrl/getUser],methods=[GET]}" onto public com.muzhi.model.Result com.muzhi.controller.SaleController.getUser(java.lang.String)
2018-06-04 11:42:28,619 [localhost-startStop-1] [org.springframework.web.servlet.mvc.method.annotation.RequestMappingHandlerMapping]-[INFO] Mapped "{[/baseUrl/getFridge],methods=[GET]}" onto public com.muzhi.model.Result com.muzhi.controller.SaleController.getFridge(java.lang.String)
2018-06-04 11:42:28,619 [localhost-startStop-1] [org.springframework.web.servlet.mvc.method.annotation.RequestMappingHandlerMapping]-[INFO] Mapped "{[/baseUrl/getCookBench],methods=[GET]}" onto public com.muzhi.model.Result com.muzhi.controller.SaleController.getCookBench(java.lang.String)
2018-06-04 11:42:28,620 [localhost-startStop-1] [org.springframework.web.servlet.mvc.method.annotation.RequestMappingHandlerMapping]-[INFO] Mapped "{[/baseUrl/getInventory],methods=[GET]}" onto public com.muzhi.model.Result com.muzhi.controller.SaleController.getInventory(java.lang.String)
2018-06-04 11:42:28,620 [localhost-startStop-1] [org.springframework.web.servlet.mvc.method.annotation.RequestMappingHandlerMapping]-[INFO] Mapped "{[/baseUrl/getRestaurant],methods=[GET]}" onto public com.muzhi.model.Result com.muzhi.controller.SaleController.getRestaurant(java.lang.String)
2018-06-04 11:42:28,620 [localhost-startStop-1] [org.springframework.web.servlet.mvc.method.annotation.RequestMappingHandlerMapping]-[INFO] Mapped "{[/baseUrl/compliment],methods=[POST]}" onto public com.muzhi.model.Result com.muzhi.controller.SaleController.complimentSale(java.lang.String)
2018-06-04 11:42:28,620 [localhost-startStop-1] [org.springframework.web.servlet.mvc.method.annotation.RequestMappingHandlerMapping]-[INFO] Mapped "{[/baseUrl/saleFood],methods=[POST]}" onto public com.muzhi.model.Result com.muzhi.controller.SaleController.saleFood(java.lang.String)
2018-06-04 11:42:28,620 [localhost-startStop-1] [org.springframework.web.servlet.mvc.method.annotation.RequestMappingHandlerMapping]-[INFO] Mapped "{[/baseUrl/inproveRank],methods=[GET]}" onto public com.muzhi.model.Result com.muzhi.controller.SaleController.inproveRank(java.lang.String)
2018-06-04 11:42:28,620 [localhost-startStop-1] [org.springframework.web.servlet.mvc.method.annotation.RequestMappingHandlerMapping]-[INFO] Mapped "{[/baseUrl/getRankSystem],methods=[GET]}" onto public com.muzhi.model.Result com.muzhi.controller.SaleController.getRank(java.lang.String)
2018-06-04 11:42:28,620 [localhost-startStop-1] [org.springframework.web.servlet.mvc.method.annotation.RequestMappingHandlerMapping]-[INFO] Mapped "{[/baseUrl/inventory],methods=[GET]}" onto public com.muzhi.model.Result com.muzhi.controller.SaleController.inventory(java.lang.String)
2018-06-04 11:42:28,621 [localhost-startStop-1] [org.springframework.web.servlet.mvc.method.annotation.RequestMappingHandlerMapping]-[INFO] Mapped "{[/baseUrl/saleInfo],methods=[POST]}" onto public com.muzhi.model.Result com.muzhi.controller.SaleController.saleInfo(java.lang.String)
2018-06-04 11:42:28,621 [localhost-startStop-1] [org.springframework.web.servlet.mvc.method.annotation.RequestMappingHandlerMapping]-[INFO] Mapped "{[/baseUrl/refuseCustomer],methods=[POST]}" onto public com.muzhi.model.Result com.muzhi.controller.SaleController.refuseCustomer(java.lang.String)
2018-06-04 11:42:28,621 [localhost-startStop-1] [org.springframework.web.servlet.mvc.method.annotation.RequestMappingHandlerMapping]-[INFO] Mapped "{[/baseUrl/sellSale],methods=[POST]}" onto public com.muzhi.model.Result com.muzhi.controller.SaleController.sellSale(java.lang.String)
2018-06-04 11:42:28,621 [localhost-startStop-1] [org.springframework.web.servlet.mvc.method.annotation.RequestMappingHandlerMapping]-[INFO] Mapped "{[/baseUrl/discountSale],methods=[POST]}" onto public com.muzhi.model.Result com.muzhi.controller.SaleController.discountSale(java.lang.String)
2018-06-04 11:42:28,621 [localhost-startStop-1] [org.springframework.web.servlet.mvc.method.annotation.RequestMappingHandlerMapping]-[INFO] Mapped "{[/baseUrl/risePriceSale],methods=[POST]}" onto public com.muzhi.model.Result com.muzhi.controller.SaleController.risePriceSale(java.lang.String)
2018-06-04 11:42:28,622 [localhost-startStop-1] [org.springframework.web.servlet.mvc.method.annotation.RequestMappingHandlerMapping]-[INFO] Mapped "{[/baseUrl/login],methods=[POST]}" onto public com.muzhi.model.Result com.muzhi.controller.UserController.login(java.lang.String)
2018-06-04 11:42:28,622 [localhost-startStop-1] [org.springframework.web.servlet.mvc.method.annotation.RequestMappingHandlerMapping]-[INFO] Mapped "{[/baseUrl/refreshLogin],methods=[POST]}" onto public com.muzhi.model.Result com.muzhi.controller.UserController.refreshLogin(java.lang.String)
2018-06-04 11:42:28,943 [localhost-startStop-1] [org.springframework.web.servlet.mvc.method.annotation.RequestMappingHandlerAdapter]-[INFO] Looking for @ControllerAdvice: WebApplicationContext for namespace 'SmallTownGame-servlet': startup date [Mon Jun 04 11:42:27 CST 2018]; parent: Root WebApplicationContext
2018-06-04 11:42:29,031 [localhost-startStop-1] [org.springframework.web.servlet.mvc.method.annotation.RequestMappingHandlerAdapter]-[INFO] Looking for @ControllerAdvice: WebApplicationContext for namespace 'SmallTownGame-servlet': startup date [Mon Jun 04 11:42:27 CST 2018]; parent: Root WebApplicationContext
2018-06-04 11:42:29,140 [localhost-startStop-1] [org.springframework.web.servlet.handler.SimpleUrlHandlerMapping]-[INFO] Mapped URL path [/**] onto handler 'org.springframework.web.servlet.resource.DefaultServletHttpRequestHandler#0'
2018-06-04 11:42:29,260 [localhost-startStop-1] [org.springframework.web.servlet.DispatcherServlet]-[INFO] FrameworkServlet 'SmallTownGame': initialization completed in 1426 ms
